<?xml version="1.0" encoding="UTF-8" standalone="yes"?><!DOCTYPE report PUBLIC "-//JACOCO//DTD Report 1.1//EN" "report.dtd"><report name="HW11_2"><sessioninfo id="aaaa-d753e2d0" start="1575373416487" dump="1575373417265"/><sessioninfo id="aaaa-9c6db749" start="1575373553392" dump="1575373554231"/><sessioninfo id="aaaa-eede75b0" start="1575373629137" dump="1575373629890"/><sessioninfo id="aaaa-99e16c43" start="1575374348049" dump="1575374348805"/><sessioninfo id="aaaa-6a656d22" start="1575374802960" dump="1575374803615"/><sessioninfo id="aaaa-be78a074" start="1575374943276" dump="1575374943941"/><sessioninfo id="aaaa-ff025b58" start="1575374992540" dump="1575374993178"/><sessioninfo id="aaaa-bc76d277" start="1575375087168" dump="1575375087843"/><sessioninfo id="aaaa-cefd2601" start="1575375138939" dump="1575375139598"/><sessioninfo id="aaaa-4c42d1f0" start="1575375268690" dump="1575375269365"/><sessioninfo id="aaaa-c29c2174" start="1575375293138" dump="1575375293778"/><sessioninfo id="aaaa-deeb645f" start="1575375384335" dump="1575375385027"/><sessioninfo id="aaaa-effba4cf" start="1575375427047" dump="1575375427915"/><sessioninfo id="aaaa-8a321553" start="1575375513212" dump="1575375513864"/><sessioninfo id="aaaa-18e2cde1" start="1575375582639" dump="1575375583324"/><sessioninfo id="aaaa-64e61340" start="1575376461165" dump="1575376461686"/><sessioninfo id="aaaa-ddc78f1d" start="1575376486014" dump="1575376486539"/><sessioninfo id="aaaa-3b9ff60b" start="1575376543638" dump="1575376544179"/><sessioninfo id="aaaa-e77007e5" start="1575376589573" dump="1575376590090"/><sessioninfo id="aaaa-1af63e4e" start="1575376671721" dump="1575376672246"/><sessioninfo id="aaaa-6680f344" start="1575377587618" dump="1575377588153"/><package name=""><class name="CustomIterator" sourcefilename="CustomIterator.java"><method name="&lt;init&gt;" desc="([Ljava/lang/String;)V" line="12"><counter type="INSTRUCTION" missed="0" covered="17"/><counter type="LINE" missed="0" covered="6"/><counter type="COMPLEXITY" missed="0" covered="1"/><counter type="METHOD" missed="0" covered="1"/></method><method name="getNext" desc="()I" line="20"><counter type="INSTRUCTION" missed="0" covered="3"/><counter type="LINE" missed="0" covered="1"/><counter type="COMPLEXITY" missed="0" covered="1"/><counter type="METHOD" missed="0" covered="1"/></method><method name="getCurrent" desc="()I" line="24"><counter type="INSTRUCTION" missed="0" covered="3"/><counter type="LINE" missed="0" covered="1"/><counter type="COMPLEXITY" missed="0" covered="1"/><counter type="METHOD" missed="0" covered="1"/></method><method name="hasNext" desc="()Z" line="31"><counter type="INSTRUCTION" missed="0" covered="13"/><counter type="LINE" missed="0" covered="5"/><counter type="COMPLEXITY" missed="0" covered="1"/><counter type="METHOD" missed="0" covered="1"/></method><method name="next" desc="()Ljava/lang/String;" line="48"><counter type="INSTRUCTION" missed="0" covered="23"/><counter type="BRANCH" missed="0" covered="2"/><counter type="LINE" missed="0" covered="5"/><counter type="COMPLEXITY" missed="0" covered="2"/><counter type="METHOD" missed="0" covered="1"/></method><method name="remove" desc="()V" line="59"><counter type="INSTRUCTION" missed="1" covered="0"/><counter type="LINE" missed="1" covered="0"/><counter type="COMPLEXITY" missed="1" covered="0"/><counter type="METHOD" missed="1" covered="0"/></method><counter type="INSTRUCTION" missed="1" covered="59"/><counter type="BRANCH" missed="0" covered="2"/><counter type="LINE" missed="1" covered="18"/><counter type="COMPLEXITY" missed="1" covered="6"/><counter type="METHOD" missed="1" covered="5"/><counter type="CLASS" missed="0" covered="1"/></class><sourcefile name="CustomIterator.java"><line nr="12" mi="0" ci="2" mb="0" cb="0"/><line nr="13" mi="0" ci="3" mb="0" cb="0"/><line nr="14" mi="0" ci="3" mb="0" cb="0"/><line nr="15" mi="0" ci="3" mb="0" cb="0"/><line nr="16" mi="0" ci="5" mb="0" cb="0"/><line nr="17" mi="0" ci="1" mb="0" cb="0"/><line nr="20" mi="0" ci="3" mb="0" cb="0"/><line nr="24" mi="0" ci="3" mb="0" cb="0"/><line nr="31" mi="0" ci="7" mb="0" cb="0"/><line nr="33" mi="0" ci="1" mb="0" cb="0"/><line nr="34" mi="0" ci="2" mb="0" cb="0"/><line nr="36" mi="0" ci="1" mb="0" cb="0"/><line nr="37" mi="0" ci="2" mb="0" cb="0"/><line nr="48" mi="0" ci="3" mb="0" cb="2"/><line nr="49" mi="0" ci="4" mb="0" cb="0"/><line nr="50" mi="0" ci="6" mb="0" cb="0"/><line nr="51" mi="0" ci="6" mb="0" cb="0"/><line nr="53" mi="0" ci="4" mb="0" cb="0"/><line nr="59" mi="1" ci="0" mb="0" cb="0"/><counter type="INSTRUCTION" missed="1" covered="59"/><counter type="BRANCH" missed="0" covered="2"/><counter type="LINE" missed="1" covered="18"/><counter type="COMPLEXITY" missed="1" covered="6"/><counter type="METHOD" missed="1" covered="5"/><counter type="CLASS" missed="0" covered="1"/></sourcefile><counter type="INSTRUCTION" missed="1" covered="59"/><counter type="BRANCH" missed="0" covered="2"/><counter type="LINE" missed="1" covered="18"/><counter type="COMPLEXITY" missed="1" covered="6"/><counter type="METHOD" missed="1" covered="5"/><counter type="CLASS" missed="0" covered="1"/></package><counter type="INSTRUCTION" missed="1" covered="59"/><counter type="BRANCH" missed="0" covered="2"/><counter type="LINE" missed="1" covered="18"/><counter type="COMPLEXITY" missed="1" covered="6"/><counter type="METHOD" missed="1" covered="5"/><counter type="CLASS" missed="0" covered="1"/></report>